<?xml version="1.0" encoding="UTF-8"?>
<!-- Generated by org.testng.reporters.JUnitReportReporter -->
<testsuite skipped="0" hostname="DESKTOP-PCR004R" name="com.yss.suit.scenario2" tests="2" failures="0" timestamp="24 八月 2018 06:28:34 GMT" time="17.325" errors="0">
  <testcase name="login" time="5.835" classname="com.yss.suit.scenario2"/>
  <testcase name="HeSuanJiGouXinXiAdd" time="11.490" classname="com.yss.suit.scenario2"/>
</testsuite> <!-- com.yss.suit.scenario2 -->
