<?xml version="1.0" encoding="UTF-8"?>
<!-- Generated by org.testng.reporters.JUnitReportReporter -->
<testsuite skipped="0" hostname="DESKTOP-PCR004R" name="com.yss.suit.scenario2" tests="2" failures="0" timestamp="23 八月 2018 10:08:58 GMT" time="14.181" errors="0">
  <testcase name="login" time="3.444" classname="com.yss.suit.scenario2"/>
  <testcase name="HeSuanJiGouXinXiAdd" time="10.737" classname="com.yss.suit.scenario2"/>
</testsuite> <!-- com.yss.suit.scenario2 -->
