<?xml version="1.0" encoding="UTF-8"?>
<!-- Generated by org.testng.reporters.JUnitReportReporter -->
<testsuite skipped="0" hostname="LAPTOP-T9UGMIK5" name="com.yss.common.ReadFromExcel" tests="1" failures="0" timestamp="20 八月 2018 07:30:29 GMT" time="3.435" errors="0">
  <testcase name="allReadMethod" time="3.435" classname="com.yss.common.ReadFromExcel"/>
</testsuite> <!-- com.yss.common.ReadFromExcel -->
